<?xml version="1.0" encoding="UTF-8"?>
<!-- Generated by org.testng.reporters.JUnitReportReporter -->
<testsuite hostname="LAPTOP-MJT7EMUV" failures="0" tests="1" name="testng_Features.Test_Demo" time="0.960" errors="0" timestamp="2022-08-23T12:24:49 IST" skipped="0">
  <testcase classname="testng_Features.Test_Demo" name="demo1" time="0.960"/>
  <system-out/>
</testsuite> <!-- testng_Features.Test_Demo -->
