<?xml version="1.0" encoding="UTF-8"?>
<!-- Generated by org.testng.reporters.JUnitReportReporter -->
<testsuite hostname="LAPTOP-MJT7EMUV" failures="0" tests="4" name="testng_Features.Priority_Features" time="0.030" errors="0" timestamp="2022-08-23T17:12:31 IST" skipped="0">
  <testcase classname="testng_Features.Priority_Features" name="spider" time="0.013"/>
  <system-out/>
  <testcase classname="testng_Features.Priority_Features" name="bats" time="0.003"/>
  <system-out/>
  <testcase classname="testng_Features.Priority_Features" name="pig" time="0.002"/>
  <system-out/>
  <testcase classname="testng_Features.Priority_Features" name="eagles" time="0.012"/>
  <system-out/>
</testsuite> <!-- testng_Features.Priority_Features -->
