<?xml version="1.0" encoding="UTF-8"?>
<!-- Generated by org.testng.reporters.JUnitReportReporter -->
<testsuite hostname="LAPTOP-MJT7EMUV" failures="0" tests="5" name="testng_Features.Group_Demo" time="0.029" errors="0" timestamp="2022-08-24T13:47:22 IST" skipped="0">
  <testcase classname="testng_Features.Group_Demo" name="hockey" time="0.004"/>
  <system-out/>
  <testcase classname="testng_Features.Group_Demo" name="football" time="0.002"/>
  <system-out/>
  <testcase classname="testng_Features.Group_Demo" name="history" time="0.003"/>
  <system-out/>
  <testcase classname="testng_Features.Group_Demo" name="cricket" time="0.018"/>
  <system-out/>
  <testcase classname="testng_Features.Group_Demo" name="social" time="0.002"/>
  <system-out/>
</testsuite> <!-- testng_Features.Group_Demo -->
