<?xml version="1.0" encoding="UTF-8"?>
<!-- Generated by org.testng.reporters.JUnitReportReporter -->
<testsuite hostname="LAPTOP-MJT7EMUV" failures="0" tests="3" name="testng_Features.Ignore_Features" time="0.016" errors="0" timestamp="2022-08-23T16:37:04 IST" skipped="1">
  <testcase classname="testng_Features.Ignore_Features" name="studies" time="0.002"/>
  <system-out/>
  <testcase classname="testng_Features.Ignore_Features" name="gen_Knowledge" time="0.014"/>
  <system-out/>
  <testcase classname="testng_Features.Ignore_Features" name="insta">
    <skipped/>
  </testcase> <!-- insta -->
  <system-out/>
</testsuite> <!-- testng_Features.Ignore_Features -->
